# Logfile created on 2012-07-03 06:36:43 +0800 by logger.rb/25413
56qq cargo cron start successfully on 2012-07-03 06:36:43 +0800!
56qq cargo cron start successfully on 2012-07-03 07:01:32 +0800!
start to run qq56_cargo_cron
testpoint 1
testpoint 2
56qq cargo cron start successfully on 2012-07-03 07:04:37 +0800!
start to run qq56_cargo_cron
testpoint 1
56qq cargo cron start successfully on 2012-07-03 07:04:58 +0800!
start to run qq56_cargo_cron
56qq cargo cron start successfully on 2012-07-03 07:07:49 +0800!
start to run qq56_cargo_cron
56qq cargo cron start successfully on 2012-07-03 07:10:32 +0800!
start to run qq56_cargo_cron
56qq cargo cron start successfully on 2012-07-03 07:12:28 +0800!
start to run qq56_cargo_cron
testpoint 1
56qq cargo cron start successfully on 2012-07-03 07:12:55 +0800!
start to run qq56_cargo_cron
testpoint 1
56qq cargo cron start successfully on 2012-07-03 07:13:09 +0800!
start to run qq56_cargo_cron
testpoint 1
56qq cargo cron start successfully on 2012-07-03 07:13:54 +0800!
start to run qq56_cargo_cron
testpoint 1
56qq cargo cron start successfully on 2012-07-03 07:14:36 +0800!
start to run qq56_cargo_cron
testpoint 1
56qq cargo cron start successfully on 2012-07-03 07:15:19 +0800!
start to run qq56_cargo_cron
testpoint 1
56qq cargo cron start successfully on 2012-07-03 07:18:19 +0800!
start to run qq56_cargo_cron
testpoint 1
["/usr/local/lib/ruby/gems/1.9.1/gems/mechanize-2.5.1/lib/mechanize/cookie_jar.rb:23:in `add'", "/home/hunter/vob/w090/Rcargo/bin/56qq/56qq_cron_helper.rb:24:in `block in qq56_cargo_cron'", "/home/hunter/vob/w090/Rcargo/bin/56qq/56qq_cron_helper.rb:21:in `each'", "/home/hunter/vob/w090/Rcargo/bin/56qq/56qq_cron_helper.rb:21:in `qq56_cargo_cron'", "56qq_cargo_cron.rb:35:in `block (2 levels) in <main>'", "/usr/local/lib/ruby/gems/1.9.1/gems/foreverb-0.3.0/lib/forever/job.rb:12:in `call'", "/usr/local/lib/ruby/gems/1.9.1/gems/foreverb-0.3.0/lib/forever/job.rb:12:in `call'", "/usr/local/lib/ruby/gems/1.9.1/gems/foreverb-0.3.0/lib/forever/base.rb:366:in `safe_call'", "/usr/local/lib/ruby/gems/1.9.1/gems/foreverb-0.3.0/lib/forever/base.rb:358:in `job_call'", "/usr/local/lib/ruby/gems/1.9.1/gems/foreverb-0.3.0/lib/forever/base.rb:113:in `block (3 levels) in initialize'"]
testpoint 2
testpoint 3
56qq cargo cron start successfully on 2012-07-03 07:19:44 +0800!
start to run qq56_cargo_cron
testpoint 1
["/usr/local/lib/ruby/gems/1.9.1/gems/mechanize-2.5.1/lib/mechanize/cookie_jar.rb:23:in `add'", "/home/hunter/vob/w090/Rcargo/bin/56qq/56qq_cron_helper.rb:24:in `block in qq56_cargo_cron'", "/home/hunter/vob/w090/Rcargo/bin/56qq/56qq_cron_helper.rb:21:in `each'", "/home/hunter/vob/w090/Rcargo/bin/56qq/56qq_cron_helper.rb:21:in `qq56_cargo_cron'", "56qq_cargo_cron.rb:35:in `block (2 levels) in <main>'", "/usr/local/lib/ruby/gems/1.9.1/gems/foreverb-0.3.0/lib/forever/job.rb:12:in `call'", "/usr/local/lib/ruby/gems/1.9.1/gems/foreverb-0.3.0/lib/forever/job.rb:12:in `call'", "/usr/local/lib/ruby/gems/1.9.1/gems/foreverb-0.3.0/lib/forever/base.rb:366:in `safe_call'", "/usr/local/lib/ruby/gems/1.9.1/gems/foreverb-0.3.0/lib/forever/base.rb:358:in `job_call'", "/usr/local/lib/ruby/gems/1.9.1/gems/foreverb-0.3.0/lib/forever/base.rb:113:in `block (3 levels) in initialize'"]
testpoint 2
testpoint 3
56qq cargo cron start successfully on 2012-07-03 07:20:31 +0800!
start to run qq56_cargo_cron
testpoint 1
["/usr/local/lib/ruby/gems/1.9.1/gems/mechanize-2.5.1/lib/mechanize/cookie_jar.rb:23:in `add'", "/home/hunter/vob/w090/Rcargo/bin/56qq/56qq_cron_helper.rb:24:in `block in qq56_cargo_cron'", "/home/hunter/vob/w090/Rcargo/bin/56qq/56qq_cron_helper.rb:21:in `each'", "/home/hunter/vob/w090/Rcargo/bin/56qq/56qq_cron_helper.rb:21:in `qq56_cargo_cron'", "56qq_cargo_cron.rb:35:in `block (2 levels) in <main>'", "/usr/local/lib/ruby/gems/1.9.1/gems/foreverb-0.3.0/lib/forever/job.rb:12:in `call'", "/usr/local/lib/ruby/gems/1.9.1/gems/foreverb-0.3.0/lib/forever/job.rb:12:in `call'", "/usr/local/lib/ruby/gems/1.9.1/gems/foreverb-0.3.0/lib/forever/base.rb:366:in `safe_call'", "/usr/local/lib/ruby/gems/1.9.1/gems/foreverb-0.3.0/lib/forever/base.rb:358:in `job_call'", "/usr/local/lib/ruby/gems/1.9.1/gems/foreverb-0.3.0/lib/forever/base.rb:113:in `block (3 levels) in initialize'"]
testpoint 2
testpoint 3
56qq cargo cron start successfully on 2012-07-03 07:34:05 +0800!
